<html>
<head>
<title>TestNG:  com.gallery.intex.testcases</title>
<link href="../testng.css" rel="stylesheet" type="text/css" />
<link href="../my-testng.css" rel="stylesheet" type="text/css" />

<style type="text/css">
.log { display: none;} 
.stack-trace { display: none;} 
</style>
<script type="text/javascript">
<!--
function flip(e) {
  current = e.style.display;
  if (current == 'block') {
    e.style.display = 'none';
    return 0;
  }
  else {
    e.style.display = 'block';
    return 1;
  }
}

function toggleBox(szDivId, elem, msg1, msg2)
{
  var res = -1;  if (document.getElementById) {
    res = flip(document.getElementById(szDivId));
  }
  else if (document.all) {
    // this is the way old msie versions work
    res = flip(document.all[szDivId]);
  }
  if(elem) {
    if(res == 0) elem.innerHTML = msg1; else elem.innerHTML = msg2;
  }

}

function toggleAllBoxes() {
  if (document.getElementsByTagName) {
    d = document.getElementsByTagName('div');
    for (i = 0; i < d.length; i++) {
      if (d[i].className == 'log') {
        flip(d[i]);
      }
    }
  }
}

// -->
</script>

</head>
<body>
<h2 align='center'>com.gallery.intex.testcases</h2><table border='1' align="center">
<tr>
<td>Tests passed/Failed/Skipped:</td><td>0/0/1</td>
</tr><tr>
<td>Started on:</td><td>Sun Mar 04 15:21:55 IST 2018</td>
</tr>
<tr><td>Total time:</td><td>31 seconds (31181 ms)</td>
</tr><tr>
<td>Included groups:</td><td></td>
</tr><tr>
<td>Excluded groups:</td><td></td>
</tr>
</table><p/>
<small><i>(Hover the method name to see the test class name)</i></small><p/>
<table width='100%' border='1' class='invocation-failed'>
<tr><td colspan='4' align='center'><b>FAILED CONFIGURATIONS</b></td></tr>
<tr><td><b>Test method</b></td>
<td width="30%"><b>Exception</b></td>
<td width="10%"><b>Time (seconds)</b></td>
<td><b>Instance</b></td>
</tr>
<tr>
<td title='com.gallery.intex.testcases.TestSetup.TestSetup()'><b>TestSetup</b><br>Test class: com.gallery.intex.testcases.TestSetup</td>
<td><div><pre>org.openqa.selenium.WebDriverException: &lt;!DOCTYPE html&gt;
&lt;html lang=&quot;en&quot;&gt;
&lt;head&gt;
&lt;meta charset=&quot;utf-8&quot;&gt;
&lt;title&gt;Error&lt;/title&gt;
&lt;/head&gt;
&lt;body&gt;
&lt;pre&gt;Error: write EPIPE&lt;br&gt; &amp;nbsp; &amp;nbsp;at _errnoException (util.js:1024:11)&lt;br&gt; &amp;nbsp; &amp;nbsp;at Socket._writeGeneric (net.js:767:25)&lt;br&gt; &amp;nbsp; &amp;nbsp;at Socket._write (net.js:786:8)&lt;br&gt; &amp;nbsp; &amp;nbsp;at doWrite (_stream_writable.js:387:12)&lt;br&gt; &amp;nbsp; &amp;nbsp;at writeOrBuffer (_stream_writable.js:373:5)&lt;br&gt; &amp;nbsp; &amp;nbsp;at Socket.Writable.write (_stream_writable.js:290:11)&lt;br&gt; &amp;nbsp; &amp;nbsp;at Socket.write (net.js:704:40)&lt;br&gt; &amp;nbsp; &amp;nbsp;at exports.Console.Console.log (C:\Users\Ashish Rawat\AppData\Local\Programs\appium-desktop\resources\app\node_modules\appium\node_modules\winston\lib\winston\transports\console.js:121:20)&lt;br&gt; &amp;nbsp; &amp;nbsp;at transportLog (C:\Users\Ashish Rawat\AppData\Local\Programs\appium-desktop\resources\app\node_modules\appium\node_modules\winston\lib\winston\logger.js:234:15)&lt;br&gt; &amp;nbsp; &amp;nbsp;at C:\Users\Ashish Rawat\AppData\Local\Programs\appium-desktop\resources\app\node_modules\appium\node_modules\winston\node_modules\async\lib\async.js:157:13&lt;br&gt; &amp;nbsp; &amp;nbsp;at _each (C:\Users\Ashish Rawat\AppData\Local\Programs\appium-desktop\resources\app\node_modules\appium\node_modules\winston\node_modules\async\lib\async.js:57:9)&lt;br&gt; &amp;nbsp; &amp;nbsp;at Object.async.each (C:\Users\Ashish Rawat\AppData\Local\Programs\appium-desktop\resources\app\node_modules\appium\node_modules\winston\node_modules\async\lib\async.js:156:9)&lt;br&gt; &amp;nbsp; &amp;nbsp;at exports.Logger.Logger.log (C:\Users\Ashish Rawat\AppData\Local\Programs\appium-desktop\resources\app\node_modules\appium\node_modules\winston\lib\winston\logger.js:246:9)&lt;br&gt; &amp;nbsp; &amp;nbsp;at exports.Logger.target.(anonymous function) [as info] (C:\Users\Ashish Rawat\AppData\Local\Programs\appium-desktop\resources\app\node_modules\appium\node_modules\winston\lib\winston\common.js:54:18)&lt;br&gt; &amp;nbsp; &amp;nbsp;at EventEmitter.&amp;lt;anonymous&amp;gt; (../../lib/logsink.js:197:22)&lt;br&gt; &amp;nbsp; &amp;nbsp;at emitOne (events.js:116:13)&lt;br&gt; &amp;nbsp; &amp;nbsp;at EventEmitter.emit (events.js:211:7)&lt;br&gt; &amp;nbsp; &amp;nbsp;at EventEmitter.&amp;lt;anonymous&amp;gt; (C:\Users\Ashish Rawat\AppData\Local\Programs\appium-desktop\resources\app\node_modules\appium\node_modules\npmlog\log.js:158:8)&lt;br&gt; &amp;nbsp; &amp;nbsp;at EventEmitter.&amp;lt;anonymous&amp;gt; (C:\Users\Ashish Rawat\AppData\Local\Programs\appium-desktop\resources\app\node_modules\appium\node_modules\npmlog\log.js:231:21)&lt;br&gt; &amp;nbsp; &amp;nbsp;at startLogFormatter.immediate (../../../lib/express/express-logging.js:50:7)&lt;br&gt; &amp;nbsp; &amp;nbsp;at logRequest (C:\Users\Ashish Rawat\AppData\Local\Programs\appium-desktop\resources\app\node_modules\appium\node_modules\morgan\index.js:122:18)&lt;br&gt; &amp;nbsp; &amp;nbsp;at logger (C:\Users\Ashish Rawat\AppData\Local\Programs\appium-desktop\resources\app\node_modules\appium\node_modules\morgan\index.js:135:7)&lt;br&gt; &amp;nbsp; &amp;nbsp;at Layer.handle [as handle_request] (C:\Users\Ashish Rawat\AppData\Local\Programs\appium-desktop\resources\app\node_modules\appium\node_modules\express\lib\router\layer.js:95:5)&lt;br&gt; &amp;nbsp; &amp;nbsp;at trim_prefix (C:\Users\Ashish Rawat\AppData\Local\Programs\appium-desktop\resources\app\node_modules\appium\node_modules\express\lib\router\index.js:317:13)&lt;br&gt; &amp;nbsp; &amp;nbsp;at C:\Users\Ashish Rawat\AppData\Local\Programs\appium-desktop\resources\app\node_modules\appium\node_modules\express\lib\router\index.js:284:7&lt;br&gt; &amp;nbsp; &amp;nbsp;at Function.process_params (C:\Users\Ashish Rawat\AppData\Local\Programs\appium-desktop\resources\app\node_modules\appium\node_modules\express\lib\router\index.js:335:12)&lt;br&gt; &amp;nbsp; &amp;nbsp;at next (C:\Users\Ashish Rawat\AppData\Local\Programs\appium-desktop\resources\app\node_modules\appium\node_modules\express\lib\router\index.js:275:10)&lt;br&gt; &amp;nbsp; &amp;nbsp;at C:\Users\Ashish Rawat\AppData\Local\Programs\appium-desktop\resources\app\node_modules\appium\node_modules\body-parser\lib\read.js:130:5&lt;br&gt; &amp;nbsp; &amp;nbsp;at invokeCallback (C:\Users\Ashish Rawat\AppData\Local\Programs\appium-desktop\resources\app\node_modules\appium\node_modules\raw-body\index.js:224:16)&lt;br&gt; &amp;nbsp; &amp;nbsp;at done (C:\Users\Ashish Rawat\AppData\Local\Programs\appium-desktop\resources\app\node_modules\appium\node_modules\raw-body\index.js:213:7)&lt;br&gt; &amp;nbsp; &amp;nbsp;at IncomingMessage.onEnd (C:\Users\Ashish Rawat\AppData\Local\Programs\appium-desktop\resources\app\node_modules\appium\node_modules\raw-body\index.js:273:7)&lt;br&gt; &amp;nbsp; &amp;nbsp;at emitNone (events.js:106:13)&lt;br&gt; &amp;nbsp; &amp;nbsp;at IncomingMessage.emit (events.js:208:7)&lt;br&gt; &amp;nbsp; &amp;nbsp;at endReadableNT (_stream_readable.js:1056:12)&lt;br&gt; &amp;nbsp; &amp;nbsp;at _combinedTickCallback (internal/process/next_tick.js:138:11)&lt;br&gt; &amp;nbsp; &amp;nbsp;at process._tickCallback (internal/process/next_tick.js:180:9)&lt;/pre&gt;
&lt;/body&gt;
&lt;/html&gt;
Command duration or timeout: 302 milliseconds
Build info: version: &apos;2.53.0&apos;, revision: &apos;35ae25b1534ae328c771e0856c93e187490ca824&apos;, time: &apos;2016-03-15 10:43:46&apos;
System info: host: &apos;DESKTOP-1CC4URN&apos;, ip: &apos;192.168.43.67&apos;, os.name: &apos;Windows 10&apos;, os.arch: &apos;amd64&apos;, os.version: &apos;10.0&apos;, java.version: &apos;1.8.0_151&apos;
Driver info: io.appium.java_client.android.AndroidDriver
	at org.openqa.selenium.remote.ErrorHandler.createThrowable(ErrorHandler.java:206)
	at org.openqa.selenium.remote.ErrorHandler.throwIfResponseFailed(ErrorHandler.java:158)
	at org.openqa.selenium.remote.RemoteWebDriver.execute(RemoteWebDriver.java:678)
	at io.appium.java_client.DefaultGenericMobileDriver.execute(DefaultGenericMobileDriver.java:43)
	at io.appium.java_client.AppiumDriver.execute(AppiumDriver.java:1)
	at io.appium.java_client.android.AndroidDriver.execute(AndroidDriver.java:1)
	at org.openqa.selenium.remote.RemoteWebDriver.startSession(RemoteWebDriver.java:249)
	at org.openqa.selenium.remote.RemoteWebDriver.&lt;init&gt;(RemoteWebDriver.java:131)
	at org.openqa.selenium.remote.RemoteWebDriver.&lt;init&gt;(RemoteWebDriver.java:144)
	at io.appium.java_client.DefaultGenericMobileDriver.&lt;init&gt;(DefaultGenericMobileDriver.java:39)
	at io.appium.java_client.AppiumDriver.&lt;init&gt;(AppiumDriver.java:69)
	at io.appium.java_client.AppiumDriver.&lt;init&gt;(AppiumDriver.java:78)
	at io.appium.java_client.android.AndroidDriver.&lt;init&gt;(AndroidDriver.java:67)
	at com.gallery.intex.testcases.TestSetup.TestSetup(TestSetup.java:42)
... Removed 26 stack frames</pre></div><a href='#' onClick='toggleBox("stack-trace790722099", this, "Click to show all stack frames", "Click to hide stack frames")'>Click to show all stack frames</a>
<div class='stack-trace' id='stack-trace790722099'><pre>org.openqa.selenium.WebDriverException: &lt;!DOCTYPE html&gt;
&lt;html lang=&quot;en&quot;&gt;
&lt;head&gt;
&lt;meta charset=&quot;utf-8&quot;&gt;
&lt;title&gt;Error&lt;/title&gt;
&lt;/head&gt;
&lt;body&gt;
&lt;pre&gt;Error: write EPIPE&lt;br&gt; &amp;nbsp; &amp;nbsp;at _errnoException (util.js:1024:11)&lt;br&gt; &amp;nbsp; &amp;nbsp;at Socket._writeGeneric (net.js:767:25)&lt;br&gt; &amp;nbsp; &amp;nbsp;at Socket._write (net.js:786:8)&lt;br&gt; &amp;nbsp; &amp;nbsp;at doWrite (_stream_writable.js:387:12)&lt;br&gt; &amp;nbsp; &amp;nbsp;at writeOrBuffer (_stream_writable.js:373:5)&lt;br&gt; &amp;nbsp; &amp;nbsp;at Socket.Writable.write (_stream_writable.js:290:11)&lt;br&gt; &amp;nbsp; &amp;nbsp;at Socket.write (net.js:704:40)&lt;br&gt; &amp;nbsp; &amp;nbsp;at exports.Console.Console.log (C:\Users\Ashish Rawat\AppData\Local\Programs\appium-desktop\resources\app\node_modules\appium\node_modules\winston\lib\winston\transports\console.js:121:20)&lt;br&gt; &amp;nbsp; &amp;nbsp;at transportLog (C:\Users\Ashish Rawat\AppData\Local\Programs\appium-desktop\resources\app\node_modules\appium\node_modules\winston\lib\winston\logger.js:234:15)&lt;br&gt; &amp;nbsp; &amp;nbsp;at C:\Users\Ashish Rawat\AppData\Local\Programs\appium-desktop\resources\app\node_modules\appium\node_modules\winston\node_modules\async\lib\async.js:157:13&lt;br&gt; &amp;nbsp; &amp;nbsp;at _each (C:\Users\Ashish Rawat\AppData\Local\Programs\appium-desktop\resources\app\node_modules\appium\node_modules\winston\node_modules\async\lib\async.js:57:9)&lt;br&gt; &amp;nbsp; &amp;nbsp;at Object.async.each (C:\Users\Ashish Rawat\AppData\Local\Programs\appium-desktop\resources\app\node_modules\appium\node_modules\winston\node_modules\async\lib\async.js:156:9)&lt;br&gt; &amp;nbsp; &amp;nbsp;at exports.Logger.Logger.log (C:\Users\Ashish Rawat\AppData\Local\Programs\appium-desktop\resources\app\node_modules\appium\node_modules\winston\lib\winston\logger.js:246:9)&lt;br&gt; &amp;nbsp; &amp;nbsp;at exports.Logger.target.(anonymous function) [as info] (C:\Users\Ashish Rawat\AppData\Local\Programs\appium-desktop\resources\app\node_modules\appium\node_modules\winston\lib\winston\common.js:54:18)&lt;br&gt; &amp;nbsp; &amp;nbsp;at EventEmitter.&amp;lt;anonymous&amp;gt; (../../lib/logsink.js:197:22)&lt;br&gt; &amp;nbsp; &amp;nbsp;at emitOne (events.js:116:13)&lt;br&gt; &amp;nbsp; &amp;nbsp;at EventEmitter.emit (events.js:211:7)&lt;br&gt; &amp;nbsp; &amp;nbsp;at EventEmitter.&amp;lt;anonymous&amp;gt; (C:\Users\Ashish Rawat\AppData\Local\Programs\appium-desktop\resources\app\node_modules\appium\node_modules\npmlog\log.js:158:8)&lt;br&gt; &amp;nbsp; &amp;nbsp;at EventEmitter.&amp;lt;anonymous&amp;gt; (C:\Users\Ashish Rawat\AppData\Local\Programs\appium-desktop\resources\app\node_modules\appium\node_modules\npmlog\log.js:231:21)&lt;br&gt; &amp;nbsp; &amp;nbsp;at startLogFormatter.immediate (../../../lib/express/express-logging.js:50:7)&lt;br&gt; &amp;nbsp; &amp;nbsp;at logRequest (C:\Users\Ashish Rawat\AppData\Local\Programs\appium-desktop\resources\app\node_modules\appium\node_modules\morgan\index.js:122:18)&lt;br&gt; &amp;nbsp; &amp;nbsp;at logger (C:\Users\Ashish Rawat\AppData\Local\Programs\appium-desktop\resources\app\node_modules\appium\node_modules\morgan\index.js:135:7)&lt;br&gt; &amp;nbsp; &amp;nbsp;at Layer.handle [as handle_request] (C:\Users\Ashish Rawat\AppData\Local\Programs\appium-desktop\resources\app\node_modules\appium\node_modules\express\lib\router\layer.js:95:5)&lt;br&gt; &amp;nbsp; &amp;nbsp;at trim_prefix (C:\Users\Ashish Rawat\AppData\Local\Programs\appium-desktop\resources\app\node_modules\appium\node_modules\express\lib\router\index.js:317:13)&lt;br&gt; &amp;nbsp; &amp;nbsp;at C:\Users\Ashish Rawat\AppData\Local\Programs\appium-desktop\resources\app\node_modules\appium\node_modules\express\lib\router\index.js:284:7&lt;br&gt; &amp;nbsp; &amp;nbsp;at Function.process_params (C:\Users\Ashish Rawat\AppData\Local\Programs\appium-desktop\resources\app\node_modules\appium\node_modules\express\lib\router\index.js:335:12)&lt;br&gt; &amp;nbsp; &amp;nbsp;at next (C:\Users\Ashish Rawat\AppData\Local\Programs\appium-desktop\resources\app\node_modules\appium\node_modules\express\lib\router\index.js:275:10)&lt;br&gt; &amp;nbsp; &amp;nbsp;at C:\Users\Ashish Rawat\AppData\Local\Programs\appium-desktop\resources\app\node_modules\appium\node_modules\body-parser\lib\read.js:130:5&lt;br&gt; &amp;nbsp; &amp;nbsp;at invokeCallback (C:\Users\Ashish Rawat\AppData\Local\Programs\appium-desktop\resources\app\node_modules\appium\node_modules\raw-body\index.js:224:16)&lt;br&gt; &amp;nbsp; &amp;nbsp;at done (C:\Users\Ashish Rawat\AppData\Local\Programs\appium-desktop\resources\app\node_modules\appium\node_modules\raw-body\index.js:213:7)&lt;br&gt; &amp;nbsp; &amp;nbsp;at IncomingMessage.onEnd (C:\Users\Ashish Rawat\AppData\Local\Programs\appium-desktop\resources\app\node_modules\appium\node_modules\raw-body\index.js:273:7)&lt;br&gt; &amp;nbsp; &amp;nbsp;at emitNone (events.js:106:13)&lt;br&gt; &amp;nbsp; &amp;nbsp;at IncomingMessage.emit (events.js:208:7)&lt;br&gt; &amp;nbsp; &amp;nbsp;at endReadableNT (_stream_readable.js:1056:12)&lt;br&gt; &amp;nbsp; &amp;nbsp;at _combinedTickCallback (internal/process/next_tick.js:138:11)&lt;br&gt; &amp;nbsp; &amp;nbsp;at process._tickCallback (internal/process/next_tick.js:180:9)&lt;/pre&gt;
&lt;/body&gt;
&lt;/html&gt;
Command duration or timeout: 302 milliseconds
Build info: version: &apos;2.53.0&apos;, revision: &apos;35ae25b1534ae328c771e0856c93e187490ca824&apos;, time: &apos;2016-03-15 10:43:46&apos;
System info: host: &apos;DESKTOP-1CC4URN&apos;, ip: &apos;192.168.43.67&apos;, os.name: &apos;Windows 10&apos;, os.arch: &apos;amd64&apos;, os.version: &apos;10.0&apos;, java.version: &apos;1.8.0_151&apos;
Driver info: io.appium.java_client.android.AndroidDriver
	at sun.reflect.NativeConstructorAccessorImpl.newInstance0(Native Method)
	at sun.reflect.NativeConstructorAccessorImpl.newInstance(Unknown Source)
	at sun.reflect.DelegatingConstructorAccessorImpl.newInstance(Unknown Source)
	at java.lang.reflect.Constructor.newInstance(Unknown Source)
	at org.openqa.selenium.remote.ErrorHandler.createThrowable(ErrorHandler.java:206)
	at org.openqa.selenium.remote.ErrorHandler.throwIfResponseFailed(ErrorHandler.java:158)
	at org.openqa.selenium.remote.RemoteWebDriver.execute(RemoteWebDriver.java:678)
	at io.appium.java_client.DefaultGenericMobileDriver.execute(DefaultGenericMobileDriver.java:43)
	at io.appium.java_client.AppiumDriver.execute(AppiumDriver.java:1)
	at io.appium.java_client.android.AndroidDriver.execute(AndroidDriver.java:1)
	at org.openqa.selenium.remote.RemoteWebDriver.startSession(RemoteWebDriver.java:249)
	at org.openqa.selenium.remote.RemoteWebDriver.&lt;init&gt;(RemoteWebDriver.java:131)
	at org.openqa.selenium.remote.RemoteWebDriver.&lt;init&gt;(RemoteWebDriver.java:144)
	at io.appium.java_client.DefaultGenericMobileDriver.&lt;init&gt;(DefaultGenericMobileDriver.java:39)
	at io.appium.java_client.AppiumDriver.&lt;init&gt;(AppiumDriver.java:69)
	at io.appium.java_client.AppiumDriver.&lt;init&gt;(AppiumDriver.java:78)
	at io.appium.java_client.android.AndroidDriver.&lt;init&gt;(AndroidDriver.java:67)
	at com.gallery.intex.testcases.TestSetup.TestSetup(TestSetup.java:42)
	at sun.reflect.NativeMethodAccessorImpl.invoke0(Native Method)
	at sun.reflect.NativeMethodAccessorImpl.invoke(Unknown Source)
	at sun.reflect.DelegatingMethodAccessorImpl.invoke(Unknown Source)
	at java.lang.reflect.Method.invoke(Unknown Source)
	at org.testng.internal.MethodInvocationHelper.invokeMethod(MethodInvocationHelper.java:85)
	at org.testng.internal.Invoker.invokeConfigurationMethod(Invoker.java:510)
	at org.testng.internal.Invoker.invokeConfigurations(Invoker.java:211)
	at org.testng.internal.Invoker.invokeConfigurations(Invoker.java:138)
	at org.testng.TestRunner.beforeRun(TestRunner.java:648)
	at org.testng.TestRunner.run(TestRunner.java:616)
	at org.testng.SuiteRunner.runTest(SuiteRunner.java:359)
	at org.testng.SuiteRunner.runSequentially(SuiteRunner.java:354)
	at org.testng.SuiteRunner.privateRun(SuiteRunner.java:312)
	at org.testng.SuiteRunner.run(SuiteRunner.java:261)
	at org.testng.SuiteRunnerWorker.runSuite(SuiteRunnerWorker.java:52)
	at org.testng.SuiteRunnerWorker.run(SuiteRunnerWorker.java:86)
	at org.testng.TestNG.runSuitesSequentially(TestNG.java:1191)
	at org.testng.TestNG.runSuitesLocally(TestNG.java:1116)
	at org.testng.TestNG.run(TestNG.java:1024)
	at org.testng.remote.AbstractRemoteTestNG.run(AbstractRemoteTestNG.java:114)
	at org.testng.remote.RemoteTestNG.initAndRun(RemoteTestNG.java:251)
	at org.testng.remote.RemoteTestNG.main(RemoteTestNG.java:77)
</pre></div></td>
<td>0</td>
<td>null</td></tr>
</table><p>
<table width='100%' border='1' class='invocation-skipped'>
<tr><td colspan='4' align='center'><b>SKIPPED CONFIGURATIONS</b></td></tr>
<tr><td><b>Test method</b></td>
<td width="30%"><b>Exception</b></td>
<td width="10%"><b>Time (seconds)</b></td>
<td><b>Instance</b></td>
</tr>
<tr>
<td title='com.gallery.intex.testcases.EnterTheGallery.beforeClass()'><b>beforeClass</b><br>Test class: com.gallery.intex.testcases.EnterTheGallery</td>
<td></td>
<td>0</td>
<td>com.gallery.intex.testcases.EnterTheGallery@77cd7a0</td></tr>
<tr>
<td title='com.gallery.intex.testcases.EnterTheGallery.afterClass()'><b>afterClass</b><br>Test class: com.gallery.intex.testcases.EnterTheGallery</td>
<td></td>
<td>0</td>
<td>com.gallery.intex.testcases.EnterTheGallery@77cd7a0</td></tr>
<tr>
<td title='com.gallery.intex.testcases.TestSetup.EndTest()'><b>EndTest</b><br>Test class: com.gallery.intex.testcases.TestSetup</td>
<td></td>
<td>0</td>
<td>null</td></tr>
</table><p>
<table width='100%' border='1' class='invocation-skipped'>
<tr><td colspan='4' align='center'><b>SKIPPED TESTS</b></td></tr>
<tr><td><b>Test method</b></td>
<td width="30%"><b>Exception</b></td>
<td width="10%"><b>Time (seconds)</b></td>
<td><b>Instance</b></td>
</tr>
<tr>
<td title='com.gallery.intex.testcases.EnterTheGallery.menuOptions()'><b>menuOptions</b><br>Test class: com.gallery.intex.testcases.EnterTheGallery</td>
<td></td>
<td>0</td>
<td>com.gallery.intex.testcases.EnterTheGallery@77cd7a0</td></tr>
</table><p>
</body>
</html>